<?xml version="1.0" encoding="UTF-8"?>
<!-- Generated by org.testng.reporters.JUnitReportReporter -->
<testsuite hostname="113271-T470p" name="com.finreach.tests.WebTests" tests="5" failures="0" timestamp="21 Jan 2019 18:11:16 GMT" time="81.342" errors="0">
  <testcase name="editTest" time="27.031" classname="com.finreach.tests.WebTests"/>
  <testcase name="createTest" time="14.781" classname="com.finreach.tests.WebTests"/>
  <testcase name="loginInTest" time="11.289" classname="com.finreach.tests.WebTests"/>
  <testcase name="createandcancelTest" time="16.134" classname="com.finreach.tests.WebTests"/>
  <testcase name="nologinInTest" time="12.107" classname="com.finreach.tests.WebTests"/>
</testsuite> <!-- com.finreach.tests.WebTests -->
